#
# There is insufficient memory for the Java Runtime Environment to continue.
# Native memory allocation (malloc) failed to allocate 2093136 bytes for Chunk::new
# Possible reasons:
#   The system is out of physical RAM or swap space
#   The process is running with CompressedOops enabled, and the Java Heap may be blocking the growth of the native heap
# Possible solutions:
#   Reduce memory load on the system
#   Increase physical memory or swap space
#   Check if swap backing store is full
#   Decrease Java heap size (-Xmx/-Xms)
#   Decrease number of Java threads
#   Decrease Java thread stack sizes (-Xss)
#   Set larger code cache with -XX:ReservedCodeCacheSize=
#   JVM is running with Unscaled Compressed Oops mode in which the Java heap is
#     placed in the first 4GB address space. The Java Heap base address is the
#     maximum limit for the native heap growth. Please use -XX:HeapBaseMinAddress
#     to set the Java Heap base and to place the Java Heap above 4GB virtual address.
# This output file may be truncated or incomplete.
#
#  Out of Memory Error (./open/src/hotspot/share/memory/arena.cpp:195), pid=11640, tid=5292
#
# JRE version: OpenJDK Runtime Environment (15.0.2+7) (build 15.0.2+7-27)
# Java VM: OpenJDK 64-Bit Server VM (15.0.2+7-27, mixed mode, sharing, tiered, compressed oops, g1 gc, windows-amd64)
# No core dump will be written. Minidumps are not enabled by default on client versions of Windows
#

---------------  S U M M A R Y ------------

Command Line: -javaagent:C:\Program Files\JetBrains\IntelliJ IDEA Community Edition 2020.2.4\lib\idea_rt.jar=55291:C:\Program Files\JetBrains\IntelliJ IDEA Community Edition 2020.2.4\bin -Dfile.encoding=UTF-8 ma.octo.assignement.AssignementApplication

Host: Intel(R) Core(TM) i5-6200U CPU @ 2.30GHz, 4 cores, 7G,  Windows 10 , 64 bit Build 19041 (10.0.19041.1348)
Time: Tue Nov 23 23:33:58 2021 Morocco Daylight Time elapsed time: 15.261550 seconds (0d 0h 0m 15s)

---------------  T H R E A D  ---------------

Current thread (0x000001d82566d180):  JavaThread "C2 CompilerThread0" daemon [_thread_in_native, id=5292, stack(0x0000000904c00000,0x0000000904d00000)]


Current CompileTask:
C2:  15261 5200   !   4       org.springframework.core.annotation.AnnotationsScanner::processClassHierarchy (227 bytes)

Stack: [0x0000000904c00000,0x0000000904d00000]
Native frames: (J=compiled Java code, j=interpreted, Vv=VM code, C=native code)
V  [jvm.dll+0x62ae9a]
V  [jvm.dll+0x7817a9]
V  [jvm.dll+0x782f03]
V  [jvm.dll+0x783563]
V  [jvm.dll+0x216325]
V  [jvm.dll+0x97f3a]
V  [jvm.dll+0x9861c]
V  [jvm.dll+0x32e305]
V  [jvm.dll+0x2f768a]
V  [jvm.dll+0x2f6a4a]
V  [jvm.dll+0x1ea705]
V  [jvm.dll+0x1e996e]
V  [jvm.dll+0x178567]
V  [jvm.dll+0x1f9225]
V  [jvm.dll+0x1f72cc]
V  [jvm.dll+0x74495d]
V  [jvm.dll+0x73d75a]
V  [jvm.dll+0x629c56]
C  [ucrtbase.dll+0x21bb2]
C  [KERNEL32.DLL+0x17034]
C  [ntdll.dll+0x52651]


---------------  P R O C E S S  ---------------

Threads class SMR info:
_java_thread_list=0x000001d82f3fa9d0, length=17, elements={
0x000001d806b83c80, 0x000001d825626e10, 0x000001d825629fe0, 0x000001d82565f0b0,
0x000001d825663a80, 0x000001d825668450, 0x000001d82566d180, 0x000001d825670b60,
0x000001d8256eabc0, 0x000001d825819080, 0x000001d825de25e0, 0x000001d825ddba60,
0x000001d827c272d0, 0x000001d827c28c20, 0x000001d827c2a060, 0x000001d827c22bf0,
0x000001d8299b7020
}

Java Threads: ( => current thread )
  0x000001d806b83c80 JavaThread "main" [_thread_in_Java, id=16560, stack(0x0000000904000000,0x0000000904100000)]
  0x000001d825626e10 JavaThread "Reference Handler" daemon [_thread_blocked, id=12000, stack(0x0000000904700000,0x0000000904800000)]
  0x000001d825629fe0 JavaThread "Finalizer" daemon [_thread_blocked, id=13200, stack(0x0000000904800000,0x0000000904900000)]
  0x000001d82565f0b0 JavaThread "Signal Dispatcher" daemon [_thread_blocked, id=13380, stack(0x0000000904900000,0x0000000904a00000)]
  0x000001d825663a80 JavaThread "Attach Listener" daemon [_thread_blocked, id=4984, stack(0x0000000904a00000,0x0000000904b00000)]
  0x000001d825668450 JavaThread "Service Thread" daemon [_thread_blocked, id=9828, stack(0x0000000904b00000,0x0000000904c00000)]
=>0x000001d82566d180 JavaThread "C2 CompilerThread0" daemon [_thread_in_native, id=5292, stack(0x0000000904c00000,0x0000000904d00000)]
  0x000001d825670b60 JavaThread "C1 CompilerThread0" daemon [_thread_in_native, id=11664, stack(0x0000000904d00000,0x0000000904e00000)]
  0x000001d8256eabc0 JavaThread "Sweeper thread" daemon [_thread_blocked, id=11888, stack(0x0000000904e00000,0x0000000904f00000)]
  0x000001d825819080 JavaThread "Common-Cleaner" daemon [_thread_blocked, id=3884, stack(0x0000000904f00000,0x0000000905000000)]
  0x000001d825de25e0 JavaThread "Monitor Ctrl-Break" daemon [_thread_in_native, id=1728, stack(0x0000000905200000,0x0000000905300000)]
  0x000001d825ddba60 JavaThread "Notification Thread" daemon [_thread_blocked, id=11672, stack(0x0000000905300000,0x0000000905400000)]
  0x000001d827c272d0 JavaThread "HikariPool-1 housekeeper" daemon [_thread_blocked, id=9728, stack(0x0000000905800000,0x0000000905900000)]
  0x000001d827c28c20 JavaThread "Catalina-utility-1" [_thread_blocked, id=9000, stack(0x0000000905b00000,0x0000000905c00000)]
  0x000001d827c2a060 JavaThread "Catalina-utility-2" [_thread_blocked, id=10740, stack(0x0000000905c00000,0x0000000905d00000)]
  0x000001d827c22bf0 JavaThread "container-0" [_thread_blocked, id=13132, stack(0x0000000905d00000,0x0000000905e00000)]
  0x000001d8299b7020 JavaThread "C2 CompilerThread1" daemon [_thread_in_native, id=1720, stack(0x0000000905100000,0x0000000905200000)]

Other Threads:
  0x000001d82560faa0 VMThread "VM Thread" [stack: 0x0000000904600000,0x0000000904700000] [id=4612]
  0x000001d825de1820 WatcherThread [stack: 0x0000000905400000,0x0000000905500000] [id=1180]
  0x000001d806bc84d0 GCTaskThread "GC Thread#0" [stack: 0x0000000904100000,0x0000000904200000] [id=13764]
  0x000001d8258be650 GCTaskThread "GC Thread#1" [stack: 0x0000000905500000,0x0000000905600000] [id=2348]
  0x000001d8258bcad0 GCTaskThread "GC Thread#2" [stack: 0x0000000905600000,0x0000000905700000] [id=11532]
  0x000001d8258bf0a0 GCTaskThread "GC Thread#3" [stack: 0x0000000905900000,0x0000000905a00000] [id=11724]
  0x000001d8228bc1c0 ConcurrentGCThread "G1 Main Marker" [stack: 0x0000000904200000,0x0000000904300000] [id=9876]
  0x000001d8228bf9a0 ConcurrentGCThread "G1 Conc#0" [stack: 0x0000000904300000,0x0000000904400000] [id=17300]
  0x000001d82293e460 ConcurrentGCThread "G1 Refine#0" [stack: 0x0000000904400000,0x0000000904500000] [id=14928]
  0x000001d826885de0 ConcurrentGCThread "G1 Refine#1" [stack: 0x0000000905700000,0x0000000905800000] [id=1704]
  0x000001d82293ec30 ConcurrentGCThread "G1 Young RemSet Sampling" [stack: 0x0000000904500000,0x0000000904600000] [id=5996]

Threads with active compile tasks:
C2 CompilerThread0    15337 5200   !   4       org.springframework.core.annotation.AnnotationsScanner::processClassHierarchy (227 bytes)
C1 CompilerThread0    15337 5385       2       java.util.TreeMap::getEntryUsingComparator (74 bytes)
C2 CompilerThread1    15337 4924   !   4       org.springframework.core.annotation.AnnotationsScanner::processMethodHierarchy (276 bytes)

VM state: not at safepoint (normal execution)

VM Mutex/Monitor currently owned by a thread:  ([mutex/lock_event])
[0x000001d806b6ddd0] CodeCache_lock - owner thread: 0x0000000000000000

Heap address: 0x0000000081000000, size: 2032 MB, Compressed Oops mode: 32-bit
CDS archive(s) mapped at: [0x0000000800000000-0x0000000800b50000-0x0000000800b50000), size 11862016, SharedBaseAddress: 0x0000000800000000, ArchiveRelocationMode: 0.
Compressed class space mapped at: 0x0000000800b50000-0x0000000840b50000, size: 1073741824
Narrow klass base: 0x0000000800000000, Narrow klass shift: 3, Narrow klass range: 0x100000000

GC Precious Log:
 CPUs: 4 total, 4 available
 Memory: 8123M
 Large Page Support: Disabled
 NUMA Support: Disabled
 Compressed Oops: Enabled (32-bit)
 Heap Region Size: 1M
 Heap Min Capacity: 8M
 Heap Initial Capacity: 128M
 Heap Max Capacity: 2032M
 Pre-touch: Disabled
 Parallel Workers: 4
 Concurrent Workers: 1
 Concurrent Refinement Workers: 4
 Periodic GC: Disabled

Heap:
 garbage-first heap   total 58368K, used 28088K [0x0000000081000000, 0x0000000100000000)
  region size 1024K, 7 young (7168K), 4 survivors (4096K)
 Metaspace       used 56898K, capacity 57442K, committed 57644K, reserved 1099776K
  class space    used 7359K, capacity 7542K, committed 7552K, reserved 1048576K

Heap Regions: E=young(eden), S=young(survivor), O=old, HS=humongous(starts), HC=humongous(continues), CS=collection set, F=free, OA=open archive, CA=closed archive, TAMS=top-at-mark-start (previous, next)
|   0|0x0000000081000000, 0x0000000081100000, 0x0000000081100000|100%|HS|  |TAMS 0x0000000081100000, 0x0000000081000000| Complete 
|   1|0x0000000081100000, 0x0000000081200000, 0x0000000081200000|100%| O|  |TAMS 0x0000000081200000, 0x0000000081100000| Untracked 
|   2|0x0000000081200000, 0x0000000081300000, 0x0000000081300000|100%| O|  |TAMS 0x0000000081300000, 0x0000000081200000| Untracked 
|   3|0x0000000081300000, 0x0000000081400000, 0x0000000081400000|100%| O|  |TAMS 0x0000000081400000, 0x0000000081300000| Untracked 
|   4|0x0000000081400000, 0x0000000081500000, 0x0000000081500000|100%| O|  |TAMS 0x0000000081500000, 0x0000000081400000| Untracked 
|   5|0x0000000081500000, 0x0000000081600000, 0x0000000081600000|100%| O|  |TAMS 0x0000000081600000, 0x0000000081500000| Untracked 
|   6|0x0000000081600000, 0x0000000081679c00, 0x0000000081700000| 47%| O|  |TAMS 0x0000000081679c00, 0x0000000081600000| Untracked 
|   7|0x0000000081700000, 0x0000000081800000, 0x0000000081800000|100%| O|  |TAMS 0x0000000081800000, 0x0000000081700000| Untracked 
|   8|0x0000000081800000, 0x0000000081900000, 0x0000000081900000|100%| O|  |TAMS 0x0000000081900000, 0x0000000081800000| Untracked 
|   9|0x0000000081900000, 0x0000000081a00000, 0x0000000081a00000|100%| O|  |TAMS 0x0000000081a00000, 0x0000000081900000| Untracked 
|  10|0x0000000081a00000, 0x0000000081b00000, 0x0000000081b00000|100%| O|  |TAMS 0x0000000081b00000, 0x0000000081a00000| Untracked 
|  11|0x0000000081b00000, 0x0000000081c00000, 0x0000000081c00000|100%| O|  |TAMS 0x0000000081c00000, 0x0000000081b00000| Untracked 
|  12|0x0000000081c00000, 0x0000000081d00000, 0x0000000081d00000|100%| O|  |TAMS 0x0000000081d00000, 0x0000000081c00000| Untracked 
|  13|0x0000000081d00000, 0x0000000081e00000, 0x0000000081e00000|100%| O|  |TAMS 0x0000000081e00000, 0x0000000081d00000| Untracked 
|  14|0x0000000081e00000, 0x0000000081f00000, 0x0000000081f00000|100%| O|  |TAMS 0x0000000081ebf000, 0x0000000081e00000| Untracked 
|  15|0x0000000081f00000, 0x0000000082000000, 0x0000000082000000|100%| O|  |TAMS 0x0000000081f00000, 0x0000000081f00000| Untracked 
|  16|0x0000000082000000, 0x0000000082100000, 0x0000000082100000|100%| O|  |TAMS 0x0000000082000000, 0x0000000082000000| Untracked 
|  17|0x0000000082100000, 0x0000000082200000, 0x0000000082200000|100%| O|  |TAMS 0x0000000082100000, 0x0000000082100000| Untracked 
|  18|0x0000000082200000, 0x0000000082300000, 0x0000000082300000|100%| O|  |TAMS 0x0000000082200000, 0x0000000082200000| Untracked 
|  19|0x0000000082300000, 0x0000000082400000, 0x0000000082400000|100%| O|  |TAMS 0x0000000082300000, 0x0000000082300000| Untracked 
|  20|0x0000000082400000, 0x0000000082500000, 0x0000000082500000|100%| O|  |TAMS 0x0000000082400000, 0x0000000082400000| Untracked 
|  21|0x0000000082500000, 0x0000000082600000, 0x0000000082600000|100%| O|  |TAMS 0x0000000082500000, 0x0000000082500000| Untracked 
|  22|0x0000000082600000, 0x00000000826b3a00, 0x0000000082700000| 70%| O|  |TAMS 0x0000000082600000, 0x0000000082600000| Untracked 
|  23|0x0000000082700000, 0x0000000082700000, 0x0000000082800000|  0%| F|  |TAMS 0x0000000082700000, 0x0000000082700000| Untracked 
|  24|0x0000000082800000, 0x0000000082800000, 0x0000000082900000|  0%| F|  |TAMS 0x0000000082800000, 0x0000000082800000| Untracked 
|  25|0x0000000082900000, 0x0000000082900000, 0x0000000082a00000|  0%| F|  |TAMS 0x0000000082900000, 0x0000000082900000| Untracked 
|  26|0x0000000082a00000, 0x0000000082a00000, 0x0000000082b00000|  0%| F|  |TAMS 0x0000000082a00000, 0x0000000082a00000| Untracked 
|  27|0x0000000082b00000, 0x0000000082b00000, 0x0000000082c00000|  0%| F|  |TAMS 0x0000000082b00000, 0x0000000082b00000| Untracked 
|  28|0x0000000082c00000, 0x0000000082c40c20, 0x0000000082d00000| 25%| S|CS|TAMS 0x0000000082c00000, 0x0000000082c00000| Complete 
|  29|0x0000000082d00000, 0x0000000082e00000, 0x0000000082e00000|100%| S|CS|TAMS 0x0000000082d00000, 0x0000000082d00000| Complete 
|  30|0x0000000082e00000, 0x0000000082f00000, 0x0000000082f00000|100%| S|CS|TAMS 0x0000000082e00000, 0x0000000082e00000| Complete 
|  31|0x0000000082f00000, 0x0000000082f00000, 0x0000000083000000|  0%| F|  |TAMS 0x0000000082f00000, 0x0000000082f00000| Untracked 
|  32|0x0000000083000000, 0x0000000083000000, 0x0000000083100000|  0%| F|  |TAMS 0x0000000083000000, 0x0000000083000000| Untracked 
|  33|0x0000000083100000, 0x0000000083100000, 0x0000000083200000|  0%| F|  |TAMS 0x0000000083100000, 0x0000000083100000| Untracked 
|  34|0x0000000083200000, 0x0000000083300000, 0x0000000083300000|100%| S|CS|TAMS 0x0000000083200000, 0x0000000083200000| Complete 
|  35|0x0000000083300000, 0x0000000083300000, 0x0000000083400000|  0%| F|  |TAMS 0x0000000083300000, 0x0000000083300000| Untracked 
|  36|0x0000000083400000, 0x0000000083400000, 0x0000000083500000|  0%| F|  |TAMS 0x0000000083400000, 0x0000000083400000| Untracked 
|  37|0x0000000083500000, 0x0000000083500000, 0x0000000083600000|  0%| F|  |TAMS 0x0000000083500000, 0x0000000083500000| Untracked 
|  38|0x0000000083600000, 0x0000000083600000, 0x0000000083700000|  0%| F|  |TAMS 0x0000000083600000, 0x0000000083600000| Untracked 
|  39|0x0000000083700000, 0x0000000083700000, 0x0000000083800000|  0%| F|  |TAMS 0x0000000083700000, 0x0000000083700000| Untracked 
|  40|0x0000000083800000, 0x0000000083800000, 0x0000000083900000|  0%| F|  |TAMS 0x0000000083800000, 0x0000000083800000| Untracked 
|  41|0x0000000083900000, 0x0000000083900000, 0x0000000083a00000|  0%| F|  |TAMS 0x0000000083900000, 0x0000000083900000| Untracked 
|  42|0x0000000083a00000, 0x0000000083a00000, 0x0000000083b00000|  0%| F|  |TAMS 0x0000000083a00000, 0x0000000083a00000| Untracked 
|  43|0x0000000083b00000, 0x0000000083b00000, 0x0000000083c00000|  0%| F|  |TAMS 0x0000000083b00000, 0x0000000083b00000| Untracked 
|  44|0x0000000083c00000, 0x0000000083c00000, 0x0000000083d00000|  0%| F|  |TAMS 0x0000000083c00000, 0x0000000083c00000| Untracked 
|  45|0x0000000083d00000, 0x0000000083d00000, 0x0000000083e00000|  0%| F|  |TAMS 0x0000000083d00000, 0x0000000083d00000| Untracked 
|  46|0x0000000083e00000, 0x0000000083e00000, 0x0000000083f00000|  0%| F|  |TAMS 0x0000000083e00000, 0x0000000083e00000| Untracked 
|  47|0x0000000083f00000, 0x0000000083f00000, 0x0000000084000000|  0%| F|  |TAMS 0x0000000083f00000, 0x0000000083f00000| Untracked 
|  48|0x0000000084000000, 0x0000000084000000, 0x0000000084100000|  0%| F|  |TAMS 0x0000000084000000, 0x0000000084000000| Untracked 
|  49|0x0000000084100000, 0x0000000084100000, 0x0000000084200000|  0%| F|  |TAMS 0x0000000084100000, 0x0000000084100000| Untracked 
|  62|0x0000000084e00000, 0x0000000084e00000, 0x0000000084f00000|  0%| F|  |TAMS 0x0000000084e00000, 0x0000000084e00000| Untracked 
|  63|0x0000000084f00000, 0x0000000084f00000, 0x0000000085000000|  0%| F|  |TAMS 0x0000000084f00000, 0x0000000084f00000| Untracked 
|  64|0x0000000085000000, 0x0000000085000000, 0x0000000085100000|  0%| F|  |TAMS 0x0000000085000000, 0x0000000085000000| Untracked 
|  65|0x0000000085100000, 0x0000000085100000, 0x0000000085200000|  0%| F|  |TAMS 0x0000000085100000, 0x0000000085100000| Untracked 
|  66|0x0000000085200000, 0x0000000085260540, 0x0000000085300000| 37%| E|  |TAMS 0x0000000085200000, 0x0000000085200000| Complete 
|  67|0x0000000085300000, 0x0000000085400000, 0x0000000085400000|100%| E|CS|TAMS 0x0000000085300000, 0x0000000085300000| Complete 
| 127|0x0000000088f00000, 0x0000000089000000, 0x0000000089000000|100%| E|CS|TAMS 0x0000000088f00000, 0x0000000088f00000| Complete 

Card table byte_map: [0x000001d81e130000,0x000001d81e530000] _byte_map_base: 0x000001d81dd28000

Marking Bits (Prev, Next): (CMBitMap*) 0x000001d806bc8850, (CMBitMap*) 0x000001d806bc8890
 Prev Bits: [0x000001d81e930000, 0x000001d8208f0000)
 Next Bits: [0x000001d8208f0000, 0x000001d8228b0000)

Polling page: 0x000001d804750000

Metaspace:

Usage:
  Non-class:     48.73 MB capacity,    48.38 MB (>99%) used,   281.78 KB ( <1%) free+waste,    78.06 KB ( <1%) overhead. 
      Class:      7.37 MB capacity,     7.19 MB ( 98%) used,   152.20 KB (  2%) free+waste,    30.06 KB ( <1%) overhead. 
       Both:     56.10 MB capacity,    55.57 MB (>99%) used,   433.98 KB ( <1%) free+waste,   108.12 KB ( <1%) overhead. 

Virtual space:
  Non-class space:       50.00 MB reserved,      48.92 MB ( 98%) committed 
      Class space:        1.00 GB reserved,       7.38 MB ( <1%) committed 
             Both:        1.05 GB reserved,      56.29 MB (  5%) committed 

Chunk freelists:
   Non-Class:  0 bytes
       Class:  10.00 KB
        Both:  10.00 KB

MaxMetaspaceSize: 17179869184.00 GB
CompressedClassSpaceSize: 1.00 GB

CodeHeap 'non-profiled nmethods': size=120000Kb used=2473Kb max_used=2646Kb free=117527Kb
 bounds [0x000001d816800000, 0x000001d816ab0000, 0x000001d81dd30000]
CodeHeap 'profiled nmethods': size=120000Kb used=8668Kb max_used=9021Kb free=111331Kb
 bounds [0x000001d80f2d0000, 0x000001d80fba0000, 0x000001d816800000]
CodeHeap 'non-nmethods': size=5760Kb used=1303Kb max_used=1383Kb free=4456Kb
 bounds [0x000001d80ed30000, 0x000001d80efa0000, 0x000001d80f2d0000]
 total_blobs=5195 nmethods=4602 adapters=505
 compilation: enabled
              stopped_count=0, restarted_count=0
 full_count=0

Compilation events (20 events):
Event: 15.245 Thread 0x000001d825670b60 nmethod 5355 0x000001d80f7bd790 code [0x000001d80f7bd940, 0x000001d80f7bdaf8]
Event: 15.245 Thread 0x000001d825670b60 5356       2       org.springframework.beans.factory.support.DefaultListableBeanFactory::clearMergedBeanDefinition (17 bytes)
Event: 15.246 Thread 0x000001d825670b60 nmethod 5356 0x000001d80f7bd310 code [0x000001d80f7bd4c0, 0x000001d80f7bd678]
Event: 15.246 Thread 0x000001d825670b60 5357       2       org.springframework.beans.factory.support.AbstractBeanFactory::clearMergedBeanDefinition (24 bytes)
Event: 15.246 Thread 0x000001d825670b60 nmethod 5357 0x000001d80f7bcf10 code [0x000001d80f7bd0c0, 0x000001d80f7bd248]
Event: 15.247 Thread 0x000001d825670b60 5358   !   2       org.springframework.beans.factory.support.AbstractBeanFactory::markBeanAsCreated (60 bytes)
Event: 15.247 Thread 0x000001d825670b60 nmethod 5358 0x000001d80f7bc890 code [0x000001d80f7bca60, 0x000001d80f7bcd18]
Event: 15.247 Thread 0x000001d825670b60 5359       2       org.springframework.beans.factory.support.AbstractBeanFactory$$Lambda$262/0x0000000800cfb4f0::getObject (20 bytes)
Event: 15.247 Thread 0x000001d825670b60 nmethod 5359 0x000001d80f7bc510 code [0x000001d80f7bc6a0, 0x000001d80f7bc7c8]
Event: 15.247 Thread 0x000001d825670b60 5360   !   2       org.springframework.beans.factory.support.AbstractBeanFactory::lambda$doGetBean$0 (18 bytes)
Event: 15.248 Thread 0x000001d825670b60 nmethod 5360 0x000001d80f7bc110 code [0x000001d80f7bc2c0, 0x000001d80f7bc438]
Event: 15.248 Thread 0x000001d825670b60 5361   !   2       org.springframework.beans.factory.support.DefaultSingletonBeanRegistry::getSingleton (297 bytes)
Event: 15.250 Thread 0x000001d825670b60 nmethod 5361 0x000001d80f7ba590 code [0x000001d80f7ba8e0, 0x000001d80f7bb668]
Event: 15.250 Thread 0x000001d825670b60 5362       2       java.util.Optional::orElseThrow (22 bytes)
Event: 15.250 Thread 0x000001d825670b60 nmethod 5362 0x000001d80f7ba190 code [0x000001d80f7ba340, 0x000001d80f7ba4c8]
Event: 15.251 Thread 0x000001d825670b60 5363       2       org.springframework.boot.context.properties.bind.DataObjectPropertyName::toDashedForm (147 bytes)
Event: 15.252 Thread 0x000001d825670b60 nmethod 5363 0x000001d80f7b9390 code [0x000001d80f7b9600, 0x000001d80f7b9cb8]
Event: 15.252 Thread 0x000001d825670b60 5364       2       org.springframework.beans.factory.support.ConstructorResolver::setCurrentInjectionPoint (32 bytes)
Event: 15.253 Thread 0x000001d825670b60 nmethod 5364 0x000001d80f7b8e90 code [0x000001d80f7b9060, 0x000001d80f7b9248]
Event: 15.255 Thread 0x000001d825670b60 5365       2       org.springframework.boot.web.server.WebServerFactoryCustomizerBeanPostProcessor::postProcessBeforeInitialization (17 bytes)

GC Heap History (20 events):
Event: 7.078 GC heap before
{Heap before GC invocations=6 (full 0):
 garbage-first heap   total 48128K, used 35303K [0x0000000081000000, 0x0000000100000000)
  region size 1024K, 28 young (28672K), 6 survivors (6144K)
 Metaspace       used 24343K, capacity 24708K, committed 24960K, reserved 1071104K
  class space    used 2977K, capacity 3079K, committed 3200K, reserved 1048576K
}
Event: 7.109 GC heap after
{Heap after GC invocations=7 (full 0):
 garbage-first heap   total 48128K, used 15046K [0x0000000081000000, 0x0000000100000000)
  region size 1024K, 3 young (3072K), 3 survivors (3072K)
 Metaspace       used 24343K, capacity 24708K, committed 24960K, reserved 1071104K
  class space    used 2977K, capacity 3079K, committed 3200K, reserved 1048576K
}
Event: 8.260 GC heap before
{Heap before GC invocations=7 (full 0):
 garbage-first heap   total 48128K, used 33478K [0x0000000081000000, 0x0000000100000000)
  region size 1024K, 22 young (22528K), 3 survivors (3072K)
 Metaspace       used 27487K, capacity 27898K, committed 28160K, reserved 1073152K
  class space    used 3347K, capacity 3481K, committed 3584K, reserved 1048576K
}
Event: 8.273 GC heap after
{Heap after GC invocations=8 (full 0):
 garbage-first heap   total 58368K, used 16446K [0x0000000081000000, 0x0000000100000000)
  region size 1024K, 2 young (2048K), 2 survivors (2048K)
 Metaspace       used 27487K, capacity 27898K, committed 28160K, reserved 1073152K
  class space    used 3347K, capacity 3481K, committed 3584K, reserved 1048576K
}
Event: 8.313 GC heap before
{Heap before GC invocations=8 (full 0):
 garbage-first heap   total 58368K, used 42046K [0x0000000081000000, 0x0000000100000000)
  region size 1024K, 28 young (28672K), 2 survivors (2048K)
 Metaspace       used 27487K, capacity 27898K, committed 28160K, reserved 1073152K
  class space    used 3347K, capacity 3481K, committed 3584K, reserved 1048576K
}
Event: 8.321 GC heap after
{Heap after GC invocations=9 (full 0):
 garbage-first heap   total 58368K, used 16146K [0x0000000081000000, 0x0000000100000000)
  region size 1024K, 2 young (2048K), 2 survivors (2048K)
 Metaspace       used 27487K, capacity 27898K, committed 28160K, reserved 1073152K
  class space    used 3347K, capacity 3481K, committed 3584K, reserved 1048576K
}
Event: 9.416 GC heap before
{Heap before GC invocations=9 (full 0):
 garbage-first heap   total 58368K, used 42770K [0x0000000081000000, 0x0000000100000000)
  region size 1024K, 29 young (29696K), 2 survivors (2048K)
 Metaspace       used 32122K, capacity 32553K, committed 32768K, reserved 1077248K
  class space    used 3895K, capacity 4049K, committed 4096K, reserved 1048576K
}
Event: 9.427 GC heap after
{Heap after GC invocations=10 (full 0):
 garbage-first heap   total 58368K, used 17635K [0x0000000081000000, 0x0000000100000000)
  region size 1024K, 3 young (3072K), 3 survivors (3072K)
 Metaspace       used 32122K, capacity 32553K, committed 32768K, reserved 1077248K
  class space    used 3895K, capacity 4049K, committed 4096K, reserved 1048576K
}
Event: 10.068 GC heap before
{Heap before GC invocations=10 (full 0):
 garbage-first heap   total 58368K, used 29923K [0x0000000081000000, 0x0000000100000000)
  region size 1024K, 16 young (16384K), 3 survivors (3072K)
 Metaspace       used 35090K, capacity 35508K, committed 35628K, reserved 1081344K
  class space    used 4266K, capacity 4414K, committed 4480K, reserved 1048576K
}
Event: 10.075 GC heap after
{Heap after GC invocations=11 (full 0):
 garbage-first heap   total 58368K, used 18889K [0x0000000081000000, 0x0000000100000000)
  region size 1024K, 3 young (3072K), 3 survivors (3072K)
 Metaspace       used 35090K, capacity 35508K, committed 35628K, reserved 1081344K
  class space    used 4266K, capacity 4414K, committed 4480K, reserved 1048576K
}
Event: 11.768 GC heap before
{Heap before GC invocations=12 (full 0):
 garbage-first heap   total 58368K, used 43465K [0x0000000081000000, 0x0000000100000000)
  region size 1024K, 28 young (28672K), 3 survivors (3072K)
 Metaspace       used 41977K, capacity 42421K, committed 42540K, reserved 1087488K
  class space    used 5317K, capacity 5477K, committed 5504K, reserved 1048576K
}
Event: 11.775 GC heap after
{Heap after GC invocations=13 (full 0):
 garbage-first heap   total 58368K, used 19935K [0x0000000081000000, 0x0000000100000000)
  region size 1024K, 3 young (3072K), 3 survivors (3072K)
 Metaspace       used 41977K, capacity 42421K, committed 42540K, reserved 1087488K
  class space    used 5317K, capacity 5477K, committed 5504K, reserved 1048576K
}
Event: 12.925 GC heap before
{Heap before GC invocations=13 (full 0):
 garbage-first heap   total 58368K, used 43487K [0x0000000081000000, 0x0000000100000000)
  region size 1024K, 27 young (27648K), 3 survivors (3072K)
 Metaspace       used 48089K, capacity 48570K, committed 48812K, reserved 1091584K
  class space    used 6223K, capacity 6389K, committed 6400K, reserved 1048576K
}
Event: 12.932 GC heap after
{Heap after GC invocations=14 (full 0):
 garbage-first heap   total 58368K, used 21102K [0x0000000081000000, 0x0000000100000000)
  region size 1024K, 3 young (3072K), 3 survivors (3072K)
 Metaspace       used 48089K, capacity 48570K, committed 48812K, reserved 1091584K
  class space    used 6223K, capacity 6389K, committed 6400K, reserved 1048576K
}
Event: 13.784 GC heap before
{Heap before GC invocations=14 (full 0):
 garbage-first heap   total 58368K, used 44654K [0x0000000081000000, 0x0000000100000000)
  region size 1024K, 27 young (27648K), 3 survivors (3072K)
 Metaspace       used 52130K, capacity 52579K, committed 52780K, reserved 1095680K
  class space    used 6756K, capacity 6936K, committed 7040K, reserved 1048576K
}
Event: 13.791 GC heap after
{Heap after GC invocations=15 (full 0):
 garbage-first heap   total 58368K, used 22882K [0x0000000081000000, 0x0000000100000000)
  region size 1024K, 3 young (3072K), 3 survivors (3072K)
 Metaspace       used 52130K, capacity 52579K, committed 52780K, reserved 1095680K
  class space    used 6756K, capacity 6936K, committed 7040K, reserved 1048576K
}
Event: 14.278 GC heap before
{Heap before GC invocations=15 (full 0):
 garbage-first heap   total 58368K, used 46434K [0x0000000081000000, 0x0000000100000000)
  region size 1024K, 26 young (26624K), 3 survivors (3072K)
 Metaspace       used 53558K, capacity 54058K, committed 54188K, reserved 1095680K
  class space    used 6918K, capacity 7104K, committed 7168K, reserved 1048576K
}
Event: 14.285 GC heap after
{Heap after GC invocations=16 (full 0):
 garbage-first heap   total 58368K, used 23955K [0x0000000081000000, 0x0000000100000000)
  region size 1024K, 3 young (3072K), 3 survivors (3072K)
 Metaspace       used 53558K, capacity 54058K, committed 54188K, reserved 1095680K
  class space    used 6918K, capacity 7104K, committed 7168K, reserved 1048576K
}
Event: 15.200 GC heap before
{Heap before GC invocations=16 (full 0):
 garbage-first heap   total 58368K, used 46483K [0x0000000081000000, 0x0000000100000000)
  region size 1024K, 25 young (25600K), 3 survivors (3072K)
 Metaspace       used 56186K, capacity 56688K, committed 56876K, reserved 1099776K
  class space    used 7272K, capacity 7440K, committed 7552K, reserved 1048576K
}
Event: 15.209 GC heap after
{Heap after GC invocations=17 (full 0):
 garbage-first heap   total 58368K, used 26040K [0x0000000081000000, 0x0000000100000000)
  region size 1024K, 4 young (4096K), 4 survivors (4096K)
 Metaspace       used 56186K, capacity 56688K, committed 56876K, reserved 1099776K
  class space    used 7272K, capacity 7440K, committed 7552K, reserved 1048576K
}

Deoptimization events (20 events):
Event: 14.832 Thread 0x000001d806b83c80 Uncommon trap: trap_request=0xffffff45 fr.pc=0x000001d8169dad44 relative=0x00000000000001e4
Event: 14.832 Thread 0x000001d806b83c80 Uncommon trap: reason=unstable_if action=reinterpret pc=0x000001d8169dad44 method=org.springframework.core.annotation.AnnotationsScanner.isWithoutHierarchy(Ljava/lang/reflect/AnnotatedElement;Lorg/springframework/core/annotation/MergedAnnotations$SearchSt
Event: 14.832 Thread 0x000001d806b83c80 DEOPT PACKING pc=0x000001d8169dad44 sp=0x00000009040fe2d0
Event: 14.832 Thread 0x000001d806b83c80 DEOPT UNPACKING pc=0x000001d80ed7e42f sp=0x00000009040fe250 mode 2
Event: 14.961 Thread 0x000001d806b83c80 DEOPT PACKING pc=0x000001d80f3a4f92 sp=0x00000009040fda20
Event: 14.961 Thread 0x000001d806b83c80 DEOPT UNPACKING pc=0x000001d80ed7e23f sp=0x00000009040fced0 mode 0
Event: 14.991 Thread 0x000001d806b83c80 Uncommon trap: trap_request=0xffffff45 fr.pc=0x000001d8169fdd24 relative=0x0000000000000e24
Event: 14.991 Thread 0x000001d806b83c80 Uncommon trap: reason=unstable_if action=reinterpret pc=0x000001d8169fdd24 method=org.springframework.beans.factory.support.DefaultSingletonBeanRegistry.getSingleton(Ljava/lang/String;Z)Ljava/lang/Object; @ 39 c2
Event: 14.991 Thread 0x000001d806b83c80 DEOPT PACKING pc=0x000001d8169fdd24 sp=0x00000009040fe4d0
Event: 14.991 Thread 0x000001d806b83c80 DEOPT UNPACKING pc=0x000001d80ed7e42f sp=0x00000009040fe468 mode 2
Event: 14.991 Thread 0x000001d806b83c80 Uncommon trap: trap_request=0xffffff45 fr.pc=0x000001d816a2b868 relative=0x0000000000000788
Event: 14.991 Thread 0x000001d806b83c80 Uncommon trap: reason=unstable_if action=reinterpret pc=0x000001d816a2b868 method=java.util.Collections$SetFromMap.add(Ljava/lang/Object;)Z @ 13 c2
Event: 14.991 Thread 0x000001d806b83c80 DEOPT PACKING pc=0x000001d816a2b868 sp=0x00000009040fe350
Event: 14.991 Thread 0x000001d806b83c80 DEOPT UNPACKING pc=0x000001d80ed7e42f sp=0x00000009040fe350 mode 2
Event: 15.056 Thread 0x000001d806b83c80 Uncommon trap: trap_request=0xffffff45 fr.pc=0x000001d8168a2d98 relative=0x0000000000003a38
Event: 15.056 Thread 0x000001d806b83c80 Uncommon trap: reason=unstable_if action=reinterpret pc=0x000001d8168a2d98 method=jdk.internal.org.objectweb.asm.Frame.push(I)V @ 26 c2
Event: 15.056 Thread 0x000001d806b83c80 DEOPT PACKING pc=0x000001d8168a2d98 sp=0x00000009040fc2b0
Event: 15.056 Thread 0x000001d806b83c80 DEOPT UNPACKING pc=0x000001d80ed7e42f sp=0x00000009040fc1d8 mode 2
Event: 15.062 Thread 0x000001d806b83c80 DEOPT PACKING pc=0x000001d80fa4ec5d sp=0x00000009040fe330
Event: 15.062 Thread 0x000001d806b83c80 DEOPT UNPACKING pc=0x000001d80ed7e23f sp=0x00000009040fd7e0 mode 0

Classes unloaded (0 events):
No events

Classes redefined (0 events):
No events

Internal exceptions (20 events):
Event: 14.389 Thread 0x000001d806b83c80 Exception <a 'java/lang/ClassNotFoundException'{0x00000000851427a8}: org/springframework/web/servlet/config/annotation/DelegatingWebMvcConfigurationCustomizer> (0x00000000851427a8) 
thrown [./open/src/hotspot/share/classfile/systemDictionary.cpp, line 295]
Event: 14.390 Thread 0x000001d806b83c80 Exception <a 'java/lang/ClassNotFoundException'{0x000000008514ab20}: org/springframework/boot/autoconfigure/web/servlet/WebMvcAutoConfiguration$EnableWebMvcConfigurationCustomizer> (0x000000008514ab20) 
thrown [./open/src/hotspot/share/classfile/systemDictionary.cpp, line 295]
Event: 14.391 Thread 0x000001d806b83c80 Exception <a 'java/lang/ClassNotFoundException'{0x000000008515d4c8}: org/springframework/context/ResourceLoaderAwareCustomizer> (0x000000008515d4c8) 
thrown [./open/src/hotspot/share/classfile/systemDictionary.cpp, line 295]
Event: 14.392 Thread 0x000001d806b83c80 Exception <a 'java/lang/ClassNotFoundException'{0x00000000851615c0}: org/springframework/beans/factory/AwareCustomizer> (0x00000000851615c0) 
thrown [./open/src/hotspot/share/classfile/systemDictionary.cpp, line 295]
Event: 14.392 Thread 0x000001d806b83c80 Exception <a 'java/lang/ClassNotFoundException'{0x0000000085164a98}: org/springframework/context/ApplicationContextAwareCustomizer> (0x0000000085164a98) 
thrown [./open/src/hotspot/share/classfile/systemDictionary.cpp, line 295]
Event: 14.393 Thread 0x000001d806b83c80 Exception <a 'java/lang/ClassNotFoundException'{0x0000000085169760}: org/springframework/beans/factory/AwareCustomizer> (0x0000000085169760) 
thrown [./open/src/hotspot/share/classfile/systemDictionary.cpp, line 295]
Event: 14.394 Thread 0x000001d806b83c80 Exception <a 'java/lang/ClassNotFoundException'{0x000000008516cc10}: org/springframework/web/context/ServletContextAwareCustomizer> (0x000000008516cc10) 
thrown [./open/src/hotspot/share/classfile/systemDictionary.cpp, line 295]
Event: 14.395 Thread 0x000001d806b83c80 Exception <a 'java/lang/ClassNotFoundException'{0x00000000851713a0}: org/springframework/beans/factory/AwareCustomizer> (0x00000000851713a0) 
thrown [./open/src/hotspot/share/classfile/systemDictionary.cpp, line 295]
Event: 14.667 Thread 0x000001d806b83c80 Exception <a 'java/lang/NoSuchMethodError'{0x0000000083e3a388}: 'void java.lang.invoke.DirectMethodHandle$Holder.invokeVirtual(java.lang.Object, java.lang.Object, int)'> (0x0000000083e3a388) 
thrown [./open/src/hotspot/share/interpreter/linkResolver.cpp, line 782]
Event: 14.670 Thread 0x000001d806b83c80 Exception <a 'java/lang/NoSuchMethodError'{0x0000000083e56658}: 'void java.lang.invoke.DirectMethodHandle$Holder.invokeVirtual(java.lang.Object, java.lang.Object, long)'> (0x0000000083e56658) 
thrown [./open/src/hotspot/share/interpreter/linkResolver.cpp, line 782]
Event: 14.910 Thread 0x000001d806b83c80 Exception <a 'java/lang/IncompatibleClassChangeError'{0x000000008380d630}: Found class java.lang.Object, but interface was expected> (0x000000008380d630) 
thrown [./open/src/hotspot/share/interpreter/linkResolver.cpp, line 848]
Event: 14.984 Thread 0x000001d806b83c80 Exception <a 'java/lang/NoSuchMethodError'{0x00000000837a0cd8}: 'int java.lang.invoke.DirectMethodHandle$Holder.invokeStaticInit(java.lang.Object, java.lang.Object, java.lang.Object, java.lang.Object)'> (0x00000000837a0cd8) 
thrown [./open/src/hotspot/share/interpreter/linkResolver.cpp, line 782]
Event: 15.058 Thread 0x000001d806b83c80 Exception <a 'java/lang/NoSuchMethodError'{0x0000000083538228}: 'java.lang.Object java.lang.invoke.DirectMethodHandle$Holder.newInvokeSpecial(java.lang.Object, java.lang.Object, java.lang.Object, java.lang.Object, java.lang.Object, java.lang.Object, java.lang.Object, java.lang.Object, java.lang.Object)'> (0x0000000083538228) 
thrown [./open/src/hotspot/share/interpreter/linkResolver.cpp, line 782]
Event: 15.058 Thread 0x000001d806b83c80 Exception <a 'java/lang/NoSuchMethodError'{0x000000008353d158}: 'java.lang.Object java.lang.invoke.DirectMethodHandle$Holder.invokeSpecial(java.lang.Object, java.lang.Object, java.lang.Object, java.lang.Object, java.lang.Object, java.lang.Object, java.lang.Object, java.lang.Object, java.lang.Object, java.lang.Object)'> (0x000000008353d158) 
thrown [./open/src/hotspot/share/interpreter/linkResolver.cpp, line 782]
Event: 15.059 Thread 0x000001d806b83c80 Exception <a 'java/lang/NoSuchMethodError'{0x0000000083541918}: 'java.lang.Object java.lang.invoke.Invokers$Holder.linkToTargetMethod(java.lang.Object, java.lang.Object, java.lang.Object, java.lang.Object, java.lang.Object, java.lang.Object, java.lang.Object, java.lang.Object, java.lang.Object)'> (0x0000000083541918) 
thrown [./open/src/hotspot/share/interpreter/linkResolver.cpp, line 782]
Event: 15.227 Thread 0x000001d806b83c80 Exception <a 'java/lang/ClassNotFoundException'{0x0000000088f98e08}: java/lang/ObjectCustomizer> (0x0000000088f98e08) 
thrown [./open/src/hotspot/share/classfile/systemDictionary.cpp, line 295]
Event: 15.228 Thread 0x000001d806b83c80 Exception <a 'java/lang/ClassNotFoundException'{0x0000000088fa08f0}: org/springframework/boot/actuate/autoconfigure/metrics/jdbc/DataSourcePoolMetricsAutoConfiguration$HikariDataSourceMetricsConfigurationCustomizer> (0x0000000088fa08f0) 
thrown [./open/src/hotspot/share/classfile/systemDictionary.cpp, line 295]
Event: 15.235 Thread 0x000001d806b83c80 Exception <a 'java/lang/ClassNotFoundException'{0x0000000088fc6d40}: java/lang/ObjectCustomizer> (0x0000000088fc6d40) 
thrown [./open/src/hotspot/share/classfile/systemDictionary.cpp, line 295]
Event: 15.235 Thread 0x000001d806b83c80 Exception <a 'java/lang/ClassNotFoundException'{0x0000000088fceb88}: org/springframework/boot/actuate/autoconfigure/metrics/jdbc/DataSourcePoolMetricsAutoConfiguration$DataSourcePoolMetadataMetricsConfigurationCustomizer> (0x0000000088fceb88) 
thrown [./open/src/hotspot/share/classfile/systemDictionary.cpp, line 295]
Event: 15.241 Thread 0x000001d806b83c80 Exception <a 'java/lang/IncompatibleClassChangeError'{0x0000000088ffa8d8}: Found class java.lang.Object, but interface was expected> (0x0000000088ffa8d8) 
thrown [./open/src/hotspot/share/interpreter/linkResolver.cpp, line 848]

Events (20 events):
Event: 15.137 Executing VM operation: HandshakeAllThreads
Event: 15.137 Executing VM operation: HandshakeAllThreads done
Event: 15.161 loading class java/util/Collections$UnmodifiableMap$UnmodifiableEntrySet$UnmodifiableEntrySetSpliterator
Event: 15.161 loading class java/util/Collections$UnmodifiableMap$UnmodifiableEntrySet$UnmodifiableEntrySetSpliterator done
Event: 15.162 loading class java/util/EnumMap$EntryIterator$Entry
Event: 15.163 loading class java/util/EnumMap$EntryIterator$Entry done
Event: 15.169 loading class sun/reflect/annotation/AnnotationSupport
Event: 15.169 loading class sun/reflect/annotation/AnnotationSupport done
Event: 15.200 Executing VM operation: G1CollectForAllocation
Event: 15.209 Executing VM operation: G1CollectForAllocation done
Event: 15.227 loading class java/lang/ObjectCustomizer
Event: 15.227 loading class java/lang/ObjectCustomizer done
Event: 15.227 loading class java/lang/ObjectCustomizer
Event: 15.227 loading class java/lang/ObjectCustomizer done
Event: 15.235 loading class java/lang/ObjectCustomizer
Event: 15.235 loading class java/lang/ObjectCustomizer done
Event: 15.235 loading class java/lang/ObjectCustomizer
Event: 15.235 loading class java/lang/ObjectCustomizer done
Event: 15.239 Executing VM operation: HandshakeAllThreads
Event: 15.240 Executing VM operation: HandshakeAllThreads done


Dynamic libraries:
0x00007ff68b330000 - 0x00007ff68b33d000 	C:\Users\toshiba\.jdks\openjdk-15.0.2\bin\java.exe
0x00007ffdaedb0000 - 0x00007ffdaefa5000 	C:\WINDOWS\SYSTEM32\ntdll.dll
0x00007ffdad080000 - 0x00007ffdad13e000 	C:\WINDOWS\System32\KERNEL32.DLL
0x00007ffdac8e0000 - 0x00007ffdacba8000 	C:\WINDOWS\System32\KERNELBASE.dll
0x00007ffda96e0000 - 0x00007ffda9770000 	C:\WINDOWS\SYSTEM32\apphelp.dll
0x00007ffd505b0000 - 0x00007ffd50a44000 	C:\WINDOWS\SYSTEM32\AcLayers.DLL
0x00007ffdace30000 - 0x00007ffdacece000 	C:\WINDOWS\System32\msvcrt.dll
0x00007ffdadf00000 - 0x00007ffdae0a1000 	C:\WINDOWS\System32\USER32.dll
0x00007ffdac7a0000 - 0x00007ffdac7c2000 	C:\WINDOWS\System32\win32u.dll
0x00007ffdace00000 - 0x00007ffdace2b000 	C:\WINDOWS\System32\GDI32.dll
0x00007ffdac7d0000 - 0x00007ffdac8db000 	C:\WINDOWS\System32\gdi32full.dll
0x00007ffdacd60000 - 0x00007ffdacdfd000 	C:\WINDOWS\System32\msvcp_win.dll
0x00007ffdac6a0000 - 0x00007ffdac7a0000 	C:\WINDOWS\System32\ucrtbase.dll
0x00007ffdae980000 - 0x00007ffdae9d5000 	C:\WINDOWS\System32\SHLWAPI.dll
0x00007ffdaeb70000 - 0x00007ffdaec1c000 	C:\WINDOWS\System32\ADVAPI32.dll
0x00007ffdae9e0000 - 0x00007ffdaea7b000 	C:\WINDOWS\System32\sechost.dll
0x00007ffdad690000 - 0x00007ffdad7ba000 	C:\WINDOWS\System32\RPCRT4.dll
0x000001d804570000 - 0x000001d804573000 	C:\WINDOWS\SYSTEM32\sfc.dll
0x00007ffd7e0b0000 - 0x00007ffd7e145000 	C:\WINDOWS\SYSTEM32\WINSPOOL.DRV
0x00007ffd70ac0000 - 0x00007ffd70ad2000 	C:\WINDOWS\SYSTEM32\sfc_os.DLL
0x00007ffda5920000 - 0x00007ffda5931000 	C:\WINDOWS\SYSTEM32\SortWindows61.dll
0x00007ffdae550000 - 0x00007ffdae580000 	C:\WINDOWS\System32\IMM32.DLL
0x00007ffda7da0000 - 0x00007ffda7db8000 	C:\Users\toshiba\.jdks\openjdk-15.0.2\bin\jli.dll
0x00007ffda5190000 - 0x00007ffda51a9000 	C:\Users\toshiba\.jdks\openjdk-15.0.2\bin\VCRUNTIME140.dll
0x00007ffd9b880000 - 0x00007ffd9bb1a000 	C:\WINDOWS\WinSxS\amd64_microsoft.windows.common-controls_6595b64144ccf1df_6.0.19041.1110_none_60b5254171f9507e\COMCTL32.dll
0x00007ffda7d90000 - 0x00007ffda7d9c000 	C:\Users\toshiba\.jdks\openjdk-15.0.2\bin\vcruntime140_1.dll
0x00007ffd6f590000 - 0x00007ffd6f621000 	C:\Users\toshiba\.jdks\openjdk-15.0.2\bin\msvcp140.dll
0x00007ffd4e220000 - 0x00007ffd4ed7e000 	C:\Users\toshiba\.jdks\openjdk-15.0.2\bin\server\jvm.dll
0x00007ffdae410000 - 0x00007ffdae418000 	C:\WINDOWS\System32\PSAPI.DLL
0x00007ffd87790000 - 0x00007ffd87799000 	C:\WINDOWS\SYSTEM32\WSOCK32.dll
0x00007ffdad1a0000 - 0x00007ffdad20b000 	C:\WINDOWS\System32\WS2_32.dll
0x00007ffd7f170000 - 0x00007ffd7f197000 	C:\WINDOWS\SYSTEM32\WINMM.dll
0x00007ffda3440000 - 0x00007ffda344a000 	C:\WINDOWS\SYSTEM32\VERSION.dll
0x00007ffdaad50000 - 0x00007ffdaad62000 	C:\WINDOWS\SYSTEM32\kernel.appcore.dll
0x00007ffda71e0000 - 0x00007ffda71ea000 	C:\Users\toshiba\.jdks\openjdk-15.0.2\bin\jimage.dll
0x00007ffd9b200000 - 0x00007ffd9b3e4000 	C:\WINDOWS\SYSTEM32\DBGHELP.DLL
0x00007ffd9b5e0000 - 0x00007ffd9b60c000 	C:\WINDOWS\SYSTEM32\dbgcore.DLL
0x00007ffdac610000 - 0x00007ffdac693000 	C:\WINDOWS\System32\bcryptPrimitives.dll
0x00007ffda4670000 - 0x00007ffda467e000 	C:\Users\toshiba\.jdks\openjdk-15.0.2\bin\instrument.dll
0x00007ffda3930000 - 0x00007ffda3955000 	C:\Users\toshiba\.jdks\openjdk-15.0.2\bin\java.dll
0x00007ffdad7c0000 - 0x00007ffdadeff000 	C:\WINDOWS\System32\SHELL32.dll
0x00007ffdaa5b0000 - 0x00007ffdaad40000 	C:\WINDOWS\SYSTEM32\windows.storage.dll
0x00007ffdae0b0000 - 0x00007ffdae405000 	C:\WINDOWS\System32\combase.dll
0x00007ffdabf20000 - 0x00007ffdabf4e000 	C:\WINDOWS\SYSTEM32\Wldp.dll
0x00007ffdae720000 - 0x00007ffdae7cd000 	C:\WINDOWS\System32\SHCORE.dll
0x00007ffdac410000 - 0x00007ffdac42f000 	C:\WINDOWS\SYSTEM32\profapi.dll
0x00007ffd975f0000 - 0x00007ffd97608000 	C:\Users\toshiba\.jdks\openjdk-15.0.2\bin\zip.dll
0x00007ffda39f0000 - 0x00007ffda3a09000 	C:\Users\toshiba\.jdks\openjdk-15.0.2\bin\net.dll
0x00007ffd9c3f0000 - 0x00007ffd9c4fc000 	C:\WINDOWS\SYSTEM32\WINHTTP.dll
0x00007ffdabc80000 - 0x00007ffdabcea000 	C:\WINDOWS\system32\mswsock.dll
0x00007ffd97610000 - 0x00007ffd97622000 	C:\Users\toshiba\.jdks\openjdk-15.0.2\bin\nio.dll
0x00007ffd975d0000 - 0x00007ffd975ea000 	C:\Program Files\JetBrains\IntelliJ IDEA Community Edition 2020.2.4\bin\breakgen64.dll
0x00007ffda43b0000 - 0x00007ffda43c0000 	C:\Users\toshiba\.jdks\openjdk-15.0.2\bin\verify.dll
0x00007ffda3920000 - 0x00007ffda3929000 	C:\Users\toshiba\.jdks\openjdk-15.0.2\bin\management.dll
0x00007ffd79d10000 - 0x00007ffd79d1b000 	C:\Users\toshiba\.jdks\openjdk-15.0.2\bin\management_ext.dll
0x00007ffd791e0000 - 0x00007ffd791f7000 	C:\WINDOWS\system32\napinsp.dll
0x00007ffd790e0000 - 0x00007ffd790fb000 	C:\WINDOWS\system32\pnrpnsp.dll
0x00007ffda6ed0000 - 0x00007ffda6ee5000 	C:\WINDOWS\system32\wshbth.dll
0x00007ffda6b40000 - 0x00007ffda6b5d000 	C:\WINDOWS\system32\NLAapi.dll
0x00007ffdab920000 - 0x00007ffdab95b000 	C:\WINDOWS\SYSTEM32\IPHLPAPI.DLL
0x00007ffdab970000 - 0x00007ffdaba3b000 	C:\WINDOWS\SYSTEM32\DNSAPI.dll
0x00007ffdaec20000 - 0x00007ffdaec28000 	C:\WINDOWS\System32\NSI.dll
0x00007ffd791c0000 - 0x00007ffd791d2000 	C:\WINDOWS\System32\winrnr.dll
0x00007ffda2360000 - 0x00007ffda236a000 	C:\Windows\System32\rasadhlp.dll
0x00007ffd9bf90000 - 0x00007ffd9c00f000 	C:\WINDOWS\System32\fwpuclnt.dll
0x00007ffdac4d0000 - 0x00007ffdac4f7000 	C:\WINDOWS\System32\bcrypt.dll
0x00007ffdabe80000 - 0x00007ffdabe98000 	C:\WINDOWS\SYSTEM32\CRYPTSP.dll
0x00007ffdab590000 - 0x00007ffdab5c4000 	C:\WINDOWS\system32\rsaenh.dll
0x00007ffdac3d0000 - 0x00007ffdac3fe000 	C:\WINDOWS\SYSTEM32\USERENV.dll
0x00007ffdabe70000 - 0x00007ffdabe7c000 	C:\WINDOWS\SYSTEM32\CRYPTBASE.dll
0x00007ffda2330000 - 0x00007ffda2347000 	C:\WINDOWS\SYSTEM32\dhcpcsvc6.DLL
0x00007ffda2310000 - 0x00007ffda232d000 	C:\WINDOWS\SYSTEM32\dhcpcsvc.DLL

dbghelp: loaded successfully - version: 4.0.5 - missing functions: none
symbol engine: initialized successfully - sym options: 0x614 - pdb path: .;C:\Users\toshiba\.jdks\openjdk-15.0.2\bin;C:\WINDOWS\SYSTEM32;C:\WINDOWS\WinSxS\amd64_microsoft.windows.common-controls_6595b64144ccf1df_6.0.19041.1110_none_60b5254171f9507e;C:\Users\toshiba\.jdks\openjdk-15.0.2\bin\server;C:\Program Files\JetBrains\IntelliJ IDEA Community Edition 2020.2.4\bin

VM Arguments:
jvm_args: -javaagent:C:\Program Files\JetBrains\IntelliJ IDEA Community Edition 2020.2.4\lib\idea_rt.jar=55291:C:\Program Files\JetBrains\IntelliJ IDEA Community Edition 2020.2.4\bin -Dfile.encoding=UTF-8 
java_command: ma.octo.assignement.AssignementApplication
java_class_path (initial): C:\Users\toshiba\Desktop\assignement-main\target\classes;C:\Users\toshiba\.m2\repository\org\springframework\boot\spring-boot-starter-data-jpa\2.6.0\spring-boot-starter-data-jpa-2.6.0.jar;C:\Users\toshiba\.m2\repository\org\springframework\boot\spring-boot-starter-aop\2.6.0\spring-boot-starter-aop-2.6.0.jar;C:\Users\toshiba\.m2\repository\org\springframework\spring-aop\5.3.13\spring-aop-5.3.13.jar;C:\Users\toshiba\.m2\repository\org\aspectj\aspectjweaver\1.9.7\aspectjweaver-1.9.7.jar;C:\Users\toshiba\.m2\repository\org\springframework\boot\spring-boot-starter-jdbc\2.6.0\spring-boot-starter-jdbc-2.6.0.jar;C:\Users\toshiba\.m2\repository\com\zaxxer\HikariCP\4.0.3\HikariCP-4.0.3.jar;C:\Users\toshiba\.m2\repository\org\springframework\spring-jdbc\5.3.13\spring-jdbc-5.3.13.jar;C:\Users\toshiba\.m2\repository\jakarta\transaction\jakarta.transaction-api\1.3.3\jakarta.transaction-api-1.3.3.jar;C:\Users\toshiba\.m2\repository\jakarta\persistence\jakarta.persistence-api\2.2.3\jakarta.persistence-api-2.2.3.jar;C:\Users\toshiba\.m2\repository\org\hibernate\hibernate-core\5.6.1.Final\hibernate-core-5.6.1.Final.jar;C:\Users\toshiba\.m2\repository\org\jboss\logging\jboss-logging\3.4.2.Final\jboss-logging-3.4.2.Final.jar;C:\Users\toshiba\.m2\repository\net\bytebuddy\byte-buddy\1.11.22\byte-buddy-1.11.22.jar;C:\Users\toshiba\.m2\repository\antlr\antlr\2.7.7\antlr-2.7.7.jar;C:\Users\toshiba\.m2\repository\org\jboss\jandex\2.2.3.Final\jandex-2.2.3.Final.jar;C:\Users\toshiba\.m2\repository\com\fasterxml\classmate\1.5.1\classmate-1.5.1.jar;C:\Users\toshiba\.m2\repository\org\hibernate\common\hibernate-commons-annotations\5.1.2.Final\hibernate-commons-annotations-5.1.2.Final.jar;C:\Users\toshiba\.m2\repository\org\glassfish\jaxb\jaxb-runtime\2.3.5\jaxb-runtime-2.3.5.jar;C:\Users\toshiba\.m2\repository\org\glassfish\jaxb\txw2\2.3.5\txw2-2.3.5.jar;C:\Users\toshiba\.m2\repository\com\sun\istack\istack-commons-runtime\3.0.12\istack-commons-runtime-3.0.12.jar;C:\U
Launcher Type: SUN_STANDARD

[Global flags]
     intx CICompilerCount                          = 3                                         {product} {ergonomic}
     uint ConcGCThreads                            = 1                                         {product} {ergonomic}
     uint G1ConcRefinementThreads                  = 4                                         {product} {ergonomic}
   size_t G1HeapRegionSize                         = 1048576                                   {product} {ergonomic}
    uintx GCDrainStackTargetSize                   = 64                                        {product} {ergonomic}
   size_t InitialHeapSize                          = 134217728                                 {product} {ergonomic}
   size_t MarkStackSize                            = 4194304                                   {product} {ergonomic}
   size_t MaxHeapSize                              = 2130706432                                {product} {ergonomic}
   size_t MaxNewSize                               = 1278214144                                {product} {ergonomic}
   size_t MinHeapDeltaBytes                        = 1048576                                   {product} {ergonomic}
   size_t MinHeapSize                              = 8388608                                   {product} {ergonomic}
    uintx NonNMethodCodeHeapSize                   = 5832780                                {pd product} {ergonomic}
    uintx NonProfiledCodeHeapSize                  = 122912730                              {pd product} {ergonomic}
    uintx ProfiledCodeHeapSize                     = 122912730                              {pd product} {ergonomic}
    uintx ReservedCodeCacheSize                    = 251658240                              {pd product} {ergonomic}
     bool SegmentedCodeCache                       = true                                      {product} {ergonomic}
   size_t SoftMaxHeapSize                          = 2130706432                             {manageable} {ergonomic}
     bool UseCompressedClassPointers               = true                                 {lp64_product} {ergonomic}
     bool UseCompressedOops                        = true                                 {lp64_product} {ergonomic}
     bool UseG1GC                                  = true                                      {product} {ergonomic}
     bool UseLargePagesIndividualAllocation        = false                                  {pd product} {ergonomic}

Logging:
Log output configuration:
 #0: stdout all=warning uptime,level,tags
 #1: stderr all=off uptime,level,tags

Environment Variables:
JAVA_HOME=C:\Program Files\Java\jdk-13.0.2
PATH=D:\db_home\bin;C:\Program Files\Common Files\Oracle\Java\javapath;C:\Program Files (x86)\Common Files\Oracle\Java\javapath;C:\WINDOWS\system32;C:\WINDOWS;C:\WINDOWS\System32\Wbem;C:\WINDOWS\System32\WindowsPowerShell\v1.0\;C:\WINDOWS\System32\OpenSSH\;C:\Program Files\Java\jdk-13.0.2\bin;C:\grails\grails-3.1.6\bin;C:\grails\grails-3.1.6\apache-groovy-sdk-3.0.4\groovy-3.0.4\bin;C:\Program Files\MATLAB\R2019a\runtime\win64;C:\Program Files\MATLAB\R2019a\bin;C:\Program Files\MATLAB\R2019a\polyspace\bin;C:\PROGRA~2\PICC;C:\Program Files\dotnet\;C:\Program Files\Microsoft SQL Server\130\Tools\Binn\;C:\Program Files\Microsoft SQL Server\Client SDK\ODBC\170\Tools\Binn\;C:\Program Files\Microsoft SQL Server\Client SDK\ODBC\130\Tools\Binn\;C:\Program Files (x86)\Microsoft SQL Server\140\Tools\Binn\;C:\Program Files\Microsoft SQL Server\140\Tools\Binn\;C:\Program Files\Microsoft SQL Server\140\DTS\Binn\;C:\Program Files (x86)\Microsoft SQL Server\150\DTS\Binn\;C:\Program Files (x86)\dotnet\;C:\Program Files\Git\cmd;C:\xampp\php;C:\composer;C:\Program Files\nodejs\;C:\Users\toshiba\AppData\Local\Programs\Python\Python38-32\Scripts\;C:\Users\toshiba\AppData\Local\Programs\Python\Python38-32\;C:\Users\toshiba\AppData\Local\Microsoft\WindowsApps;C:\Users\toshiba\AppData\Local\Programs\Microsoft VS Code\bin;C:\Program Files\JetBrains\IntelliJ IDEA Community Edition 2019.3.2\bin;C:\Users\toshiba\AppData\Local\Microsoft\WindowsApps;C:\Users\toshiba\.dotnet\tools;C:\Program Files\Azure Data Studio\bin;C:\Program Files\JetBrains\PyCharm 2020.3.3\bin;C:\Users\toshiba\AppData\Roaming\Composer\vendor\bin;C:\Users\toshiba\AppData\Roaming\npm
USERNAME=toshiba
OS=Windows_NT
PROCESSOR_IDENTIFIER=Intel64 Family 6 Model 78 Stepping 3, GenuineIntel



---------------  S Y S T E M  ---------------

OS:
 Windows 10 , 64 bit Build 19041 (10.0.19041.1348)
OS uptime: 6 days 21:58 hours

CPU: total 4 (initial active 4) (2 cores per cpu, 2 threads per core) family 6 model 78 stepping 3 microcode 0xcc, cmov, cx8, fxsr, mmx, sse, sse2, sse3, ssse3, sse4.1, sse4.2, popcnt, vzeroupper, avx, avx2, aes, clmul, erms, 3dnowpref, lzcnt, ht, tsc, tscinvbit, bmi1, bmi2, adx, fma, clflush, clflushopt

Memory: 4k page, system-wide physical 8123M (584M free)
TotalPageFile size 13616M (AvailPageFile size 8M)
current process WorkingSet (physical memory assigned to process): 286M, peak: 287M
current process commit charge ("private bytes"): 317M, peak: 320M

vm_info: OpenJDK 64-Bit Server VM (15.0.2+7-27) for windows-amd64 JRE (15.0.2+7-27), built on Dec  7 2020 20:02:38 by "mach5one" with unknown MS VC++:1925

END.
